<?xml version="1.0" encoding="UTF-8"?>
<coverage generated="1656450148007" clover="3.2.0">
  <project timestamp="1656450148008" name="All files">
    <metrics statements="16" coveredstatements="16" conditionals="10" coveredconditionals="10" methods="3" coveredmethods="3" elements="29" coveredelements="29" complexity="0" loc="16" ncloc="16" packages="1" files="2" classes="2"/>
    <file name="calculator.js" path="C:\Users\Administrator\Desktop\JSLessons\js\calculator.js">
      <metrics statements="14" coveredstatements="14" conditionals="6" coveredconditionals="6" methods="1" coveredmethods="1"/>
      <line num="3" count="1" type="stmt"/>
      <line num="4" count="5" type="cond" truecount="2" falsecount="0"/>
      <line num="5" count="1" type="stmt"/>
      <line num="8" count="4" type="stmt"/>
      <line num="11" count="4" type="cond" truecount="4" falsecount="0"/>
      <line num="13" count="1" type="stmt"/>
      <line num="14" count="1" type="stmt"/>
      <line num="16" count="1" type="stmt"/>
      <line num="17" count="1" type="stmt"/>
      <line num="19" count="1" type="stmt"/>
      <line num="20" count="1" type="stmt"/>
      <line num="22" count="1" type="stmt"/>
      <line num="23" count="1" type="stmt"/>
      <line num="26" count="4" type="stmt"/>
    </file>
    <file name="getMinSquaredNumber.js" path="C:\Users\Administrator\Desktop\JSLessons\js\getMinSquaredNumber.js">
      <metrics statements="2" coveredstatements="2" conditionals="4" coveredconditionals="4" methods="2" coveredmethods="2"/>
      <line num="1" count="1" type="stmt"/>
      <line num="2" count="5" type="cond" truecount="4" falsecount="0"/>
    </file>
  </project>
</coverage>
